<?xml version="1.0" encoding="UTF-8"?>
<!-- Generated by org.testng.reporters.JUnitReportReporter -->
<testsuite hostname="DESKTOP-9PSLEJ4" failures="0" tests="4" name="com.TechStalWarts.testCase.TC_LogInTest" time="60.473" errors="0" timestamp="2023-05-18T14:47:18 IST" skipped="0">
  <testcase classname="com.TechStalWarts.testCase.TC_LogInTest" name="verifyPass01" time="12.823"/>
  <system-out/>
  <testcase classname="com.TechStalWarts.testCase.TC_LogInTest" name="verifyEmail01" time="12.264"/>
  <system-out/>
  <testcase classname="com.TechStalWarts.testCase.TC_LogInTest" name="verifyEmail02" time="13.182"/>
  <system-out/>
  <testcase classname="com.TechStalWarts.testCase.TC_LogInTest" name="logInTest" time="22.204"/>
  <system-out/>
</testsuite> <!-- com.TechStalWarts.testCase.TC_LogInTest -->
