<?xml version="1.0" encoding="UTF-8"?>
<!-- Generated by org.testng.reporters.JUnitReportReporter -->
<testsuite hostname="DESKTOP-9PSLEJ4" failures="0" tests="3" name="com.TechStalWarts.testCase.TC_EmployeeTest" time="0.000" errors="0" timestamp="2023-05-17T12:24:51 IST" skipped="3">
  <testcase classname="com.TechStalWarts.testCase.TC_EmployeeTest" name="imageUpload" time="0.000">
    <skipped/>
  </testcase> <!-- imageUpload -->
  <system-out/>
  <testcase classname="com.TechStalWarts.testCase.TC_EmployeeTest" name="searchEmployee" time="0.000">
    <skipped/>
  </testcase> <!-- searchEmployee -->
  <system-out/>
  <testcase classname="com.TechStalWarts.testCase.TC_EmployeeTest" name="isCheckBoxSelected" time="0.000">
    <skipped/>
  </testcase> <!-- isCheckBoxSelected -->
  <system-out/>
</testsuite> <!-- com.TechStalWarts.testCase.TC_EmployeeTest -->
