<?xml version="1.0" encoding="UTF-8"?>
<!-- Generated by org.testng.reporters.JUnitReportReporter -->
<testsuite hostname="DESKTOP-9PSLEJ4" failures="0" tests="1" name="com.TechStalWarts.testCase.TC_PortfolioCreation" time="10.810" errors="0" timestamp="2023-05-18T15:31:09 IST" skipped="0">
  <testcase classname="com.TechStalWarts.testCase.TC_PortfolioCreation" name="portFolioTC" time="10.810"/>
  <system-out/>
</testsuite> <!-- com.TechStalWarts.testCase.TC_PortfolioCreation -->
